{"/Users/neeravpatel/Developer/PassBlox/src/App.vue": {"path":"/Users/neeravpatel/Developer/PassBlox/src/App.vue","all":true,"statementMap":{"0":{"start":{"line":1,"column":0},"end":{"line":1,"column":24}},"1":{"start":{"line":2,"column":0},"end":{"line":2,"column":49}},"2":{"start":{"line":3,"column":0},"end":{"line":3,"column":63}},"3":{"start":{"line":4,"column":0},"end":{"line":4,"column":66}},"4":{"start":{"line":5,"column":0},"end":{"line":5,"column":66}},"6":{"start":{"line":7,"column":0},"end":{"line":7,"column":24}},"7":{"start":{"line":8,"column":0},"end":{"line":8,"column":36}},"11":{"start":{"line":12,"column":0},"end":{"line":12,"column":99}},"12":{"start":{"line":13,"column":0},"end":{"line":13,"column":60}},"13":{"start":{"line":14,"column":0},"end":{"line":14,"column":95}},"14":{"start":{"line":15,"column":0},"end":{"line":15,"column":67}},"16":{"start":{"line":17,"column":0},"end":{"line":17,"column":10}},"17":{"start":{"line":18,"column":0},"end":{"line":18,"column":13}},"19":{"start":{"line":20,"column":0},"end":{"line":20,"column":78}},"20":{"start":{"line":21,"column":0},"end":{"line":21,"column":37}},"21":{"start":{"line":22,"column":0},"end":{"line":22,"column":30}},"22":{"start":{"line":23,"column":0},"end":{"line":23,"column":12}},"23":{"start":{"line":24,"column":0},"end":{"line":24,"column":11}},"25":{"start":{"line":26,"column":0},"end":{"line":26,"column":105}},"27":{"start":{"line":28,"column":0},"end":{"line":28,"column":13}},"28":{"start":{"line":29,"column":0},"end":{"line":29,"column":165}},"29":{"start":{"line":30,"column":0},"end":{"line":30,"column":106}},"30":{"start":{"line":31,"column":0},"end":{"line":31,"column":13}},"31":{"start":{"line":32,"column":0},"end":{"line":32,"column":8}}},"s":{"0":0,"1":0,"2":0,"3":0,"4":0,"6":0,"7":0,"11":0,"12":0,"13":0,"14":0,"16":0,"17":0,"19":0,"20":0,"21":0,"22":0,"23":0,"25":0,"27":0,"28":0,"29":0,"30":0,"31":0},"branchMap":{"0":{"type":"branch","line":1,"loc":{"start":{"line":1,"column":1682},"end":{"line":48,"column":8}},"locations":[{"start":{"line":1,"column":1682},"end":{"line":48,"column":8}}]}},"b":{"0":[0]},"fnMap":{"0":{"name":"(empty-report)","decl":{"start":{"line":1,"column":1682},"end":{"line":48,"column":8}},"loc":{"start":{"line":1,"column":1682},"end":{"line":48,"column":8}},"line":1}},"f":{"0":0}}
,"/Users/neeravpatel/Developer/PassBlox/src/main.ts": {"path":"/Users/neeravpatel/Developer/PassBlox/src/main.ts","all":true,"statementMap":{"0":{"start":{"line":1,"column":0},"end":{"line":1,"column":32}},"1":{"start":{"line":2,"column":0},"end":{"line":2,"column":21}},"2":{"start":{"line":3,"column":0},"end":{"line":3,"column":28}},"4":{"start":{"line":5,"column":0},"end":{"line":5,"column":29}}},"s":{"0":0,"1":0,"2":0,"4":0},"branchMap":{"0":{"type":"branch","line":1,"loc":{"start":{"line":1,"column":0},"end":{"line":5,"column":-31}},"locations":[{"start":{"line":1,"column":0},"end":{"line":5,"column":-31}}]}},"b":{"0":[0]},"fnMap":{"0":{"name":"(empty-report)","decl":{"start":{"line":1,"column":0},"end":{"line":5,"column":-31}},"loc":{"start":{"line":1,"column":0},"end":{"line":5,"column":-31}},"line":1}},"f":{"0":0}}
,"/Users/neeravpatel/Developer/PassBlox/src/components/PasswordGenerator.vue": {"path":"/Users/neeravpatel/Developer/PassBlox/src/components/PasswordGenerator.vue","all":false,"statementMap":{"0":{"start":{"line":1,"column":0},"end":{"line":1,"column":24}},"1":{"start":{"line":2,"column":0},"end":{"line":2,"column":44}},"2":{"start":{"line":3,"column":0},"end":{"line":3,"column":63}},"3":{"start":{"line":4,"column":0},"end":{"line":4,"column":8}},"10":{"start":{"line":11,"column":0},"end":{"line":11,"column":23}},"11":{"start":{"line":12,"column":0},"end":{"line":12,"column":35}},"12":{"start":{"line":13,"column":0},"end":{"line":13,"column":35}},"13":{"start":{"line":14,"column":0},"end":{"line":14,"column":33}},"14":{"start":{"line":15,"column":0},"end":{"line":15,"column":33}},"15":{"start":{"line":16,"column":0},"end":{"line":16,"column":25}},"16":{"start":{"line":17,"column":0},"end":{"line":17,"column":73}},"17":{"start":{"line":18,"column":0},"end":{"line":18,"column":56}},"19":{"start":{"line":20,"column":0},"end":{"line":20,"column":29}},"20":{"start":{"line":21,"column":0},"end":{"line":21,"column":49}},"21":{"start":{"line":22,"column":0},"end":{"line":22,"column":49}},"22":{"start":{"line":23,"column":0},"end":{"line":23,"column":31}},"23":{"start":{"line":24,"column":0},"end":{"line":24,"column":45}},"25":{"start":{"line":26,"column":0},"end":{"line":26,"column":17}},"26":{"start":{"line":27,"column":0},"end":{"line":27,"column":49}},"27":{"start":{"line":28,"column":0},"end":{"line":28,"column":49}},"28":{"start":{"line":29,"column":0},"end":{"line":29,"column":45}},"29":{"start":{"line":30,"column":0},"end":{"line":30,"column":45}},"31":{"start":{"line":32,"column":0},"end":{"line":32,"column":18}},"32":{"start":{"line":33,"column":0},"end":{"line":33,"column":42}},"33":{"start":{"line":34,"column":0},"end":{"line":34,"column":69}},"34":{"start":{"line":35,"column":0},"end":{"line":35,"column":3}},"36":{"start":{"line":37,"column":0},"end":{"line":37,"column":26}},"37":{"start":{"line":38,"column":0},"end":{"line":38,"column":1}},"39":{"start":{"line":40,"column":0},"end":{"line":40,"column":34}},"40":{"start":{"line":41,"column":0},"end":{"line":41,"column":23}},"41":{"start":{"line":42,"column":0},"end":{"line":42,"column":9}},"42":{"start":{"line":43,"column":0},"end":{"line":43,"column":58}},"43":{"start":{"line":44,"column":0},"end":{"line":44,"column":61}},"44":{"start":{"line":45,"column":0},"end":{"line":45,"column":55}},"45":{"start":{"line":46,"column":0},"end":{"line":46,"column":24}},"46":{"start":{"line":47,"column":0},"end":{"line":47,"column":81}},"47":{"start":{"line":48,"column":0},"end":{"line":48,"column":54}},"48":{"start":{"line":49,"column":0},"end":{"line":49,"column":54}},"49":{"start":{"line":50,"column":0},"end":{"line":50,"column":19}},"50":{"start":{"line":51,"column":0},"end":{"line":51,"column":53}},"51":{"start":{"line":52,"column":0},"end":{"line":52,"column":5}},"52":{"start":{"line":53,"column":0},"end":{"line":53,"column":3}},"53":{"start":{"line":54,"column":0},"end":{"line":54,"column":1}},"56":{"start":{"line":57,"column":0},"end":{"line":57,"column":6}},"57":{"start":{"line":58,"column":0},"end":{"line":58,"column":79}},"58":{"start":{"line":59,"column":0},"end":{"line":59,"column":9}},"59":{"start":{"line":60,"column":0},"end":{"line":60,"column":23}},"60":{"start":{"line":61,"column":0},"end":{"line":61,"column":3}},"61":{"start":{"line":62,"column":0},"end":{"line":62,"column":2}},"64":{"start":{"line":65,"column":0},"end":{"line":65,"column":17}},"65":{"start":{"line":66,"column":0},"end":{"line":66,"column":21}},"66":{"start":{"line":67,"column":0},"end":{"line":67,"column":3}},"68":{"start":{"line":69,"column":0},"end":{"line":69,"column":14}},"69":{"start":{"line":70,"column":0},"end":{"line":70,"column":11}},"70":{"start":{"line":71,"column":0},"end":{"line":71,"column":10}},"71":{"start":{"line":72,"column":0},"end":{"line":72,"column":2}},"75":{"start":{"line":76,"column":0},"end":{"line":76,"column":6}},"76":{"start":{"line":77,"column":0},"end":{"line":77,"column":90}},"78":{"start":{"line":79,"column":0},"end":{"line":79,"column":50}},"79":{"start":{"line":80,"column":0},"end":{"line":80,"column":8}},"80":{"start":{"line":81,"column":0},"end":{"line":81,"column":131}},"82":{"start":{"line":83,"column":0},"end":{"line":83,"column":69}},"84":{"start":{"line":85,"column":0},"end":{"line":85,"column":13}},"85":{"start":{"line":86,"column":0},"end":{"line":86,"column":33}},"86":{"start":{"line":87,"column":0},"end":{"line":87,"column":138}},"88":{"start":{"line":89,"column":0},"end":{"line":89,"column":24}},"89":{"start":{"line":90,"column":0},"end":{"line":90,"column":32}},"90":{"start":{"line":91,"column":0},"end":{"line":91,"column":49}},"91":{"start":{"line":92,"column":0},"end":{"line":92,"column":10}},"92":{"start":{"line":93,"column":0},"end":{"line":93,"column":15}},"94":{"start":{"line":95,"column":0},"end":{"line":95,"column":13}},"95":{"start":{"line":96,"column":0},"end":{"line":96,"column":23}},"96":{"start":{"line":97,"column":0},"end":{"line":97,"column":32}},"97":{"start":{"line":98,"column":0},"end":{"line":98,"column":17}},"101":{"start":{"line":102,"column":0},"end":{"line":102,"column":119}},"102":{"start":{"line":103,"column":0},"end":{"line":103,"column":30}},"104":{"start":{"line":105,"column":0},"end":{"line":105,"column":72}},"105":{"start":{"line":106,"column":0},"end":{"line":106,"column":15}},"106":{"start":{"line":107,"column":0},"end":{"line":107,"column":10}},"108":{"start":{"line":109,"column":0},"end":{"line":109,"column":21}},"109":{"start":{"line":110,"column":0},"end":{"line":110,"column":27}},"110":{"start":{"line":111,"column":0},"end":{"line":111,"column":30}},"111":{"start":{"line":112,"column":0},"end":{"line":112,"column":11}},"112":{"start":{"line":113,"column":0},"end":{"line":113,"column":14}},"113":{"start":{"line":114,"column":0},"end":{"line":114,"column":22}},"114":{"start":{"line":115,"column":0},"end":{"line":115,"column":76}},"115":{"start":{"line":116,"column":0},"end":{"line":116,"column":9}},"116":{"start":{"line":117,"column":0},"end":{"line":117,"column":70}},"117":{"start":{"line":118,"column":0},"end":{"line":118,"column":16}},"118":{"start":{"line":119,"column":0},"end":{"line":119,"column":14}},"119":{"start":{"line":120,"column":0},"end":{"line":120,"column":21}},"120":{"start":{"line":121,"column":0},"end":{"line":121,"column":22}},"121":{"start":{"line":122,"column":0},"end":{"line":122,"column":17}},"122":{"start":{"line":123,"column":0},"end":{"line":123,"column":18}},"123":{"start":{"line":124,"column":0},"end":{"line":124,"column":26}},"124":{"start":{"line":125,"column":0},"end":{"line":125,"column":29}},"125":{"start":{"line":126,"column":0},"end":{"line":126,"column":10}},"126":{"start":{"line":127,"column":0},"end":{"line":127,"column":12}},"128":{"start":{"line":129,"column":0},"end":{"line":129,"column":22}},"129":{"start":{"line":130,"column":0},"end":{"line":130,"column":42}},"130":{"start":{"line":131,"column":0},"end":{"line":131,"column":51}},"131":{"start":{"line":132,"column":0},"end":{"line":132,"column":16}},"132":{"start":{"line":133,"column":0},"end":{"line":133,"column":27}},"133":{"start":{"line":134,"column":0},"end":{"line":134,"column":38}},"134":{"start":{"line":135,"column":0},"end":{"line":135,"column":44}},"135":{"start":{"line":136,"column":0},"end":{"line":136,"column":85}},"136":{"start":{"line":137,"column":0},"end":{"line":137,"column":12}},"137":{"start":{"line":138,"column":0},"end":{"line":138,"column":76}},"138":{"start":{"line":139,"column":0},"end":{"line":139,"column":36}},"139":{"start":{"line":140,"column":0},"end":{"line":140,"column":11}},"140":{"start":{"line":141,"column":0},"end":{"line":141,"column":16}},"141":{"start":{"line":142,"column":0},"end":{"line":142,"column":51}},"142":{"start":{"line":143,"column":0},"end":{"line":143,"column":16}},"143":{"start":{"line":144,"column":0},"end":{"line":144,"column":27}},"144":{"start":{"line":145,"column":0},"end":{"line":145,"column":38}},"145":{"start":{"line":146,"column":0},"end":{"line":146,"column":44}},"146":{"start":{"line":147,"column":0},"end":{"line":147,"column":85}},"147":{"start":{"line":148,"column":0},"end":{"line":148,"column":12}},"148":{"start":{"line":149,"column":0},"end":{"line":149,"column":76}},"149":{"start":{"line":150,"column":0},"end":{"line":150,"column":36}},"150":{"start":{"line":151,"column":0},"end":{"line":151,"column":11}},"151":{"start":{"line":152,"column":0},"end":{"line":152,"column":16}},"152":{"start":{"line":153,"column":0},"end":{"line":153,"column":51}},"153":{"start":{"line":154,"column":0},"end":{"line":154,"column":16}},"154":{"start":{"line":155,"column":0},"end":{"line":155,"column":27}},"155":{"start":{"line":156,"column":0},"end":{"line":156,"column":36}},"156":{"start":{"line":157,"column":0},"end":{"line":157,"column":42}},"157":{"start":{"line":158,"column":0},"end":{"line":158,"column":85}},"158":{"start":{"line":159,"column":0},"end":{"line":159,"column":12}},"159":{"start":{"line":160,"column":0},"end":{"line":160,"column":76}},"160":{"start":{"line":161,"column":0},"end":{"line":161,"column":34}},"161":{"start":{"line":162,"column":0},"end":{"line":162,"column":11}},"162":{"start":{"line":163,"column":0},"end":{"line":163,"column":16}},"163":{"start":{"line":164,"column":0},"end":{"line":164,"column":51}},"164":{"start":{"line":165,"column":0},"end":{"line":165,"column":16}},"165":{"start":{"line":166,"column":0},"end":{"line":166,"column":27}},"166":{"start":{"line":167,"column":0},"end":{"line":167,"column":36}},"167":{"start":{"line":168,"column":0},"end":{"line":168,"column":42}},"168":{"start":{"line":169,"column":0},"end":{"line":169,"column":85}},"169":{"start":{"line":170,"column":0},"end":{"line":170,"column":12}},"170":{"start":{"line":171,"column":0},"end":{"line":171,"column":76}},"171":{"start":{"line":172,"column":0},"end":{"line":172,"column":34}},"172":{"start":{"line":173,"column":0},"end":{"line":173,"column":11}},"173":{"start":{"line":174,"column":0},"end":{"line":174,"column":16}},"174":{"start":{"line":175,"column":0},"end":{"line":175,"column":12}},"175":{"start":{"line":176,"column":0},"end":{"line":176,"column":10}},"177":{"start":{"line":178,"column":0},"end":{"line":178,"column":20}},"178":{"start":{"line":179,"column":0},"end":{"line":179,"column":79}},"179":{"start":{"line":180,"column":0},"end":{"line":180,"column":13}},"180":{"start":{"line":181,"column":0},"end":{"line":181,"column":23}},"181":{"start":{"line":182,"column":0},"end":{"line":182,"column":32}},"182":{"start":{"line":183,"column":0},"end":{"line":183,"column":17}},"187":{"start":{"line":188,"column":0},"end":{"line":188,"column":74}},"189":{"start":{"line":190,"column":0},"end":{"line":190,"column":28}},"190":{"start":{"line":191,"column":0},"end":{"line":191,"column":15}},"191":{"start":{"line":192,"column":0},"end":{"line":192,"column":10}},"192":{"start":{"line":193,"column":0},"end":{"line":193,"column":8}}},"s":{"0":6,"1":1,"2":1,"3":1,"10":1,"11":1,"12":1,"13":1,"14":1,"15":1,"16":1,"17":1,"19":10,"20":10,"21":10,"22":10,"23":10,"25":10,"26":10,"27":10,"28":10,"29":10,"31":10,"32":10,"33":146,"34":146,"36":10,"37":10,"39":3,"40":3,"41":3,"42":3,"43":2,"44":2,"45":2,"46":2,"47":2,"48":2,"49":3,"50":1,"51":1,"52":3,"53":3,"56":1,"57":1,"58":1,"59":4,"60":4,"61":1,"64":1,"65":6,"66":1,"68":1,"69":1,"70":1,"71":1,"75":1,"76":1,"78":1,"79":1,"80":1,"82":1,"84":1,"85":1,"86":1,"88":1,"89":1,"90":1,"91":1,"92":1,"94":1,"95":1,"96":1,"97":1,"101":1,"102":1,"104":1,"105":1,"106":1,"108":1,"109":1,"110":1,"111":1,"112":1,"113":1,"114":1,"115":1,"116":1,"117":1,"118":1,"119":1,"120":1,"121":1,"122":1,"123":1,"124":1,"125":1,"126":1,"128":1,"129":1,"130":1,"131":1,"132":1,"133":1,"134":1,"135":1,"136":1,"137":1,"138":6,"139":1,"140":1,"141":1,"142":1,"143":1,"144":0,"145":1,"146":1,"147":1,"148":1,"149":6,"150":1,"151":1,"152":1,"153":1,"154":1,"155":1,"156":1,"157":1,"158":1,"159":1,"160":6,"161":1,"162":1,"163":1,"164":1,"165":1,"166":1,"167":1,"168":1,"169":1,"170":1,"171":6,"172":1,"173":1,"174":1,"175":1,"177":1,"178":1,"179":1,"180":1,"181":1,"182":1,"187":1,"189":1,"190":1,"191":1,"192":1},"branchMap":{"0":{"type":"branch","line":20,"loc":{"start":{"line":20,"column":0},"end":{"line":38,"column":1}},"locations":[{"start":{"line":20,"column":0},"end":{"line":38,"column":1}}]},"1":{"type":"branch","line":28,"loc":{"start":{"line":28,"column":30},"end":{"line":28,"column":49}},"locations":[{"start":{"line":28,"column":30},"end":{"line":28,"column":49}}]},"2":{"type":"branch","line":29,"loc":{"start":{"line":29,"column":28},"end":{"line":29,"column":45}},"locations":[{"start":{"line":29,"column":28},"end":{"line":29,"column":45}}]},"3":{"type":"branch","line":30,"loc":{"start":{"line":30,"column":28},"end":{"line":30,"column":45}},"locations":[{"start":{"line":30,"column":28},"end":{"line":30,"column":45}}]},"4":{"type":"branch","line":33,"loc":{"start":{"line":33,"column":41},"end":{"line":35,"column":3}},"locations":[{"start":{"line":33,"column":41},"end":{"line":35,"column":3}}]},"5":{"type":"branch","line":40,"loc":{"start":{"line":40,"column":0},"end":{"line":54,"column":1}},"locations":[{"start":{"line":40,"column":0},"end":{"line":54,"column":1}}]},"6":{"type":"branch","line":43,"loc":{"start":{"line":43,"column":56},"end":{"line":50,"column":13}},"locations":[{"start":{"line":43,"column":56},"end":{"line":50,"column":13}}]},"7":{"type":"branch","line":50,"loc":{"start":{"line":50,"column":4},"end":{"line":52,"column":5}},"locations":[{"start":{"line":50,"column":4},"end":{"line":52,"column":5}}]},"8":{"type":"branch","line":46,"loc":{"start":{"line":46,"column":17},"end":{"line":49,"column":9}},"locations":[{"start":{"line":46,"column":17},"end":{"line":49,"column":9}}]},"9":{"type":"branch","line":59,"loc":{"start":{"line":59,"column":2},"end":{"line":61,"column":3}},"locations":[{"start":{"line":59,"column":2},"end":{"line":61,"column":3}}]},"10":{"type":"branch","line":65,"loc":{"start":{"line":65,"column":10},"end":{"line":67,"column":1}},"locations":[{"start":{"line":65,"column":10},"end":{"line":67,"column":1}}]},"11":{"type":"branch","line":1,"loc":{"start":{"line":1,"column":0},"end":{"line":1,"column":24}},"locations":[{"start":{"line":1,"column":0},"end":{"line":1,"column":24}}]},"12":{"type":"branch","line":123,"loc":{"start":{"line":123,"column":14},"end":{"line":124,"column":26}},"locations":[{"start":{"line":123,"column":14},"end":{"line":124,"column":26}}]},"13":{"type":"branch","line":133,"loc":{"start":{"line":133,"column":17},"end":{"line":134,"column":38}},"locations":[{"start":{"line":133,"column":17},"end":{"line":134,"column":38}}]},"14":{"type":"branch","line":138,"loc":{"start":{"line":138,"column":10},"end":{"line":139,"column":36}},"locations":[{"start":{"line":138,"column":10},"end":{"line":139,"column":36}}]},"15":{"type":"branch","line":144,"loc":{"start":{"line":144,"column":17},"end":{"line":145,"column":38}},"locations":[{"start":{"line":144,"column":17},"end":{"line":145,"column":38}}]},"16":{"type":"branch","line":149,"loc":{"start":{"line":149,"column":10},"end":{"line":150,"column":36}},"locations":[{"start":{"line":149,"column":10},"end":{"line":150,"column":36}}]},"17":{"type":"branch","line":155,"loc":{"start":{"line":155,"column":17},"end":{"line":156,"column":36}},"locations":[{"start":{"line":155,"column":17},"end":{"line":156,"column":36}}]},"18":{"type":"branch","line":160,"loc":{"start":{"line":160,"column":10},"end":{"line":161,"column":34}},"locations":[{"start":{"line":160,"column":10},"end":{"line":161,"column":34}}]},"19":{"type":"branch","line":166,"loc":{"start":{"line":166,"column":17},"end":{"line":167,"column":36}},"locations":[{"start":{"line":166,"column":17},"end":{"line":167,"column":36}}]},"20":{"type":"branch","line":171,"loc":{"start":{"line":171,"column":10},"end":{"line":172,"column":34}},"locations":[{"start":{"line":171,"column":10},"end":{"line":172,"column":34}}]},"21":{"type":"branch","line":190,"loc":{"start":{"line":190,"column":25},"end":{"line":190,"column":28}},"locations":[{"start":{"line":190,"column":25},"end":{"line":190,"column":28}}]},"22":{"type":"branch","line":123,"loc":{"start":{"line":123,"column":14},"end":{"line":124,"column":26}},"locations":[{"start":{"line":123,"column":14},"end":{"line":124,"column":26}}]},"23":{"type":"branch","line":133,"loc":{"start":{"line":133,"column":17},"end":{"line":134,"column":38}},"locations":[{"start":{"line":133,"column":17},"end":{"line":134,"column":38}}]},"24":{"type":"branch","line":155,"loc":{"start":{"line":155,"column":17},"end":{"line":156,"column":36}},"locations":[{"start":{"line":155,"column":17},"end":{"line":156,"column":36}}]},"25":{"type":"branch","line":166,"loc":{"start":{"line":166,"column":17},"end":{"line":167,"column":36}},"locations":[{"start":{"line":166,"column":17},"end":{"line":167,"column":36}}]}},"b":{"0":[10],"1":[7],"2":[8],"3":[9],"4":[146],"5":[3],"6":[2],"7":[1],"8":[2],"9":[4],"10":[6],"11":[6],"12":[6],"13":[6],"14":[6],"15":[6],"16":[6],"17":[6],"18":[6],"19":[6],"20":[6],"21":[6],"22":[1],"23":[1],"24":[1],"25":[1]},"fnMap":{"0":{"name":"generatePassword","decl":{"start":{"line":20,"column":0},"end":{"line":38,"column":1}},"loc":{"start":{"line":20,"column":0},"end":{"line":38,"column":1}},"line":20},"1":{"name":"copyToClipboard","decl":{"start":{"line":40,"column":0},"end":{"line":54,"column":1}},"loc":{"start":{"line":40,"column":0},"end":{"line":54,"column":1}},"line":40},"2":{"name":"onUpdate:modelValue._cache.<computed>._cache.<computed>","decl":{"start":{"line":123,"column":14},"end":{"line":124,"column":26}},"loc":{"start":{"line":123,"column":14},"end":{"line":124,"column":26}},"line":123},"3":{"name":"onUpdate:modelValue._cache.<computed>._cache.<computed>","decl":{"start":{"line":133,"column":17},"end":{"line":134,"column":38}},"loc":{"start":{"line":133,"column":17},"end":{"line":134,"column":38}},"line":133},"4":{"name":"onUpdate:modelValue._cache.<computed>._cache.<computed>","decl":{"start":{"line":144,"column":17},"end":{"line":145,"column":38}},"loc":{"start":{"line":144,"column":17},"end":{"line":145,"column":38}},"line":144},"5":{"name":"onUpdate:modelValue._cache.<computed>._cache.<computed>","decl":{"start":{"line":155,"column":17},"end":{"line":156,"column":36}},"loc":{"start":{"line":155,"column":17},"end":{"line":156,"column":36}},"line":155},"6":{"name":"onUpdate:modelValue._cache.<computed>._cache.<computed>","decl":{"start":{"line":166,"column":17},"end":{"line":167,"column":36}},"loc":{"start":{"line":166,"column":17},"end":{"line":167,"column":36}},"line":166}},"f":{"0":10,"1":3,"2":1,"3":1,"4":0,"5":1,"6":1}}
}
